# JRE version: OpenJDK Runtime Environment (8.0_152-b02) (build 1.8.0_152-release-1024-b02)
# Java VM: OpenJDK 64-Bit Server VM (25.152-b02 mixed mode windows-amd64 compressed oops)
Heap:
 PSYoungGen      total 293376K, used 230861K [0x00000000eab00000, 0x00000000ffd80000, 0x0000000100000000)
  eden space 238592K, 95% used [0x00000000eab00000,0x00000000f88e9a20,0x00000000f9400000)
  from space 54784K, 6% used [0x00000000f9400000,0x00000000f9789d00,0x00000000fc980000)
  to   space 53248K, 0% used [0x00000000fc980000,0x00000000fc980000,0x00000000ffd80000)
 ParOldGen       total 175104K, used 136741K [0x00000000c0000000, 0x00000000cab00000, 0x00000000eab00000)
  object space 175104K, 78% used [0x00000000c0000000,0x00000000c85894d0,0x00000000cab00000)
 Metaspace       used 70816K, capacity 74140K, committed 74456K, reserved 1114112K
  class space    used 9265K, capacity 9897K, committed 9984K, reserved 1048576K
GC Heap History (10 events):
Event: 106.197 GC heap before
{Heap before GC invocations=16 (full 3):
 PSYoungGen      total 170496K, used 170438K [0x00000000eab00000, 0x00000000f9280000, 0x0000000100000000)
  eden space 147968K, 99% used [0x00000000eab00000,0x00000000f3b78738,0x00000000f3b80000)
  from space 22528K, 99% used [0x00000000f5c80000,0x00000000f72791c8,0x00000000f7280000)
  to   space 33792K, 0% used [0x00000000f3b80000,0x00000000f3b80000,0x00000000f5c80000)
 ParOldGen       total 175104K, used 58279K [0x00000000c0000000, 0x00000000cab00000, 0x00000000eab00000)
  object space 175104K, 33% used [0x00000000c0000000,0x00000000c38e9d50,0x00000000cab00000)
 Metaspace       used 65306K, capacity 68144K, committed 68184K, reserved 1107968K
  class space    used 8750K, capacity 9307K, committed 9344K, reserved 1048576K
Event: 106.419 GC heap after
Heap after GC invocations=16 (full 3):
 PSYoungGen      total 181760K, used 33788K [0x00000000eab00000, 0x00000000fd180000, 0x0000000100000000)
  eden space 147968K, 0% used [0x00000000eab00000,0x00000000eab00000,0x00000000f3b80000)
  from space 33792K, 99% used [0x00000000f3b80000,0x00000000f5c7f220,0x00000000f5c80000)
  to   space 50688K, 0% used [0x00000000fa000000,0x00000000fa000000,0x00000000fd180000)
 ParOldGen       total 175104K, used 88434K [0x00000000c0000000, 0x00000000cab00000, 0x00000000eab00000)
  object space 175104K, 50% used [0x00000000c0000000,0x00000000c565ca40,0x00000000cab00000)
 Metaspace       used 65306K, capacity 68144K, committed 68184K, reserved 1107968K
  class space    used 8750K, capacity 9307K, committed 9344K, reserved 1048576K
}
Event: 108.910 GC heap before
{Heap before GC invocations=17 (full 3):
 PSYoungGen      total 181760K, used 181655K [0x00000000eab00000, 0x00000000fd180000, 0x0000000100000000)
  eden space 147968K, 99% used [0x00000000eab00000,0x00000000f3b66c78,0x00000000f3b80000)
  from space 33792K, 99% used [0x00000000f3b80000,0x00000000f5c7f220,0x00000000f5c80000)
  to   space 50688K, 0% used [0x00000000fa000000,0x00000000fa000000,0x00000000fd180000)
 ParOldGen       total 175104K, used 88434K [0x00000000c0000000, 0x00000000cab00000, 0x00000000eab00000)
  object space 175104K, 50% used [0x00000000c0000000,0x00000000c565ca40,0x00000000cab00000)
 Metaspace       used 66515K, capacity 69468K, committed 69592K, reserved 1110016K
  class space    used 8905K, capacity 9463K, committed 9472K, reserved 1048576K
Event: 109.006 GC heap after
Heap after GC invocations=17 (full 3):
 PSYoungGen      total 246272K, used 40041K [0x00000000eab00000, 0x00000000fdb00000, 0x0000000100000000)
  eden space 195584K, 0% used [0x00000000eab00000,0x00000000eab00000,0x00000000f6a00000)
  from space 50688K, 78% used [0x00000000fa000000,0x00000000fc71a4e8,0x00000000fd180000)
  to   space 55296K, 0% used [0x00000000f6a00000,0x00000000f6a00000,0x00000000fa000000)
 ParOldGen       total 175104K, used 106793K [0x00000000c0000000, 0x00000000cab00000, 0x00000000eab00000)
  object space 175104K, 60% used [0x00000000c0000000,0x00000000c684a580,0x00000000cab00000)
 Metaspace       used 66515K, capacity 69468K, committed 69592K, reserved 1110016K
  class space    used 8905K, capacity 9463K, committed 9472K, reserved 1048576K
}
Event: 109.463 GC heap before
{Heap before GC invocations=18 (full 3):
 PSYoungGen      total 246272K, used 235099K [0x00000000eab00000, 0x00000000fdb00000, 0x0000000100000000)
  eden space 195584K, 99% used [0x00000000eab00000,0x00000000f697caf0,0x00000000f6a00000)
  from space 50688K, 78% used [0x00000000fa000000,0x00000000fc71a4e8,0x00000000fd180000)
  to   space 55296K, 0% used [0x00000000f6a00000,0x00000000f6a00000,0x00000000fa000000)
 ParOldGen       total 175104K, used 106793K [0x00000000c0000000, 0x00000000cab00000, 0x00000000eab00000)
  object space 175104K, 60% used [0x00000000c0000000,0x00000000c684a580,0x00000000cab00000)
 Metaspace       used 66730K, capacity 69666K, committed 69976K, reserved 1110016K
  class space    used 8935K, capacity 9504K, committed 9600K, reserved 1048576K
Event: 109.539 GC heap after
Heap after GC invocations=18 (full 3):
 PSYoungGen      total 250880K, used 1108K [0x00000000eab00000, 0x0000000100000000, 0x0000000100000000)
  eden space 195584K, 0% used [0x00000000eab00000,0x00000000eab00000,0x00000000f6a00000)
  from space 55296K, 2% used [0x00000000f6a00000,0x00000000f6b15350,0x00000000fa000000)
  to   space 55296K, 0% used [0x00000000fca00000,0x00000000fca00000,0x0000000100000000)
 ParOldGen       total 175104K, used 135889K [0x00000000c0000000, 0x00000000cab00000, 0x00000000eab00000)
  object space 175104K, 77% used [0x00000000c0000000,0x00000000c84b4540,0x00000000cab00000)
 Metaspace       used 66730K, capacity 69666K, committed 69976K, reserved 1110016K
  class space    used 8935K, capacity 9504K, committed 9600K, reserved 1048576K
}
Event: 109.577 GC heap before
{Heap before GC invocations=19 (full 3):
 PSYoungGen      total 250880K, used 196651K [0x00000000eab00000, 0x0000000100000000, 0x0000000100000000)
  eden space 195584K, 99% used [0x00000000eab00000,0x00000000f69f5ca8,0x00000000f6a00000)
  from space 55296K, 2% used [0x00000000f6a00000,0x00000000f6b15350,0x00000000fa000000)
  to   space 55296K, 0% used [0x00000000fca00000,0x00000000fca00000,0x0000000100000000)
 ParOldGen       total 175104K, used 135889K [0x00000000c0000000, 0x00000000cab00000, 0x00000000eab00000)
  object space 175104K, 77% used [0x00000000c0000000,0x00000000c84b4540,0x00000000cab00000)
 Metaspace       used 66736K, capacity 69730K, committed 69976K, reserved 1110016K
  class space    used 8935K, capacity 9504K, committed 9600K, reserved 1048576K
Event: 109.582 GC heap after
Heap after GC invocations=19 (full 3):
 PSYoungGen      total 292864K, used 128K [0x00000000eab00000, 0x00000000fff00000, 0x0000000100000000)
  eden space 238592K, 0% used [0x00000000eab00000,0x00000000eab00000,0x00000000f9400000)
  from space 54272K, 0% used [0x00000000fca00000,0x00000000fca20000,0x00000000fff00000)
  to   space 54784K, 0% used [0x00000000f9400000,0x00000000f9400000,0x00000000fc980000)
 ParOldGen       total 175104K, used 136717K [0x00000000c0000000, 0x00000000cab00000, 0x00000000eab00000)
  object space 175104K, 78% used [0x00000000c0000000,0x00000000c85834d0,0x00000000cab00000)
 Metaspace       used 66736K, capacity 69730K, committed 69976K, reserved 1110016K
  class space    used 8935K, capacity 9504K, committed 9600K, reserved 1048576K
}
Event: 192.626 GC heap before
{Heap before GC invocations=20 (full 3):
 PSYoungGen      total 292864K, used 238720K [0x00000000eab00000, 0x00000000fff00000, 0x0000000100000000)
  eden space 238592K, 100% used [0x00000000eab00000,0x00000000f9400000,0x00000000f9400000)
  from space 54272K, 0% used [0x00000000fca00000,0x00000000fca20000,0x00000000fff00000)
  to   space 54784K, 0% used [0x00000000f9400000,0x00000000f9400000,0x00000000fc980000)
 ParOldGen       total 175104K, used 136717K [0x00000000c0000000, 0x00000000cab00000, 0x00000000eab00000)
  object space 175104K, 78% used [0x00000000c0000000,0x00000000c85834d0,0x00000000cab00000)
 Metaspace       used 69378K, capacity 72534K, committed 72792K, reserved 1112064K
  class space    used 9163K, capacity 9770K, committed 9856K, reserved 1048576K
Event: 192.634 GC heap after
Heap after GC invocations=20 (full 3):
 PSYoungGen      total 293376K, used 3623K [0x00000000eab00000, 0x00000000ffd80000, 0x0000000100000000)
  eden space 238592K, 0% used [0x00000000eab00000,0x00000000eab00000,0x00000000f9400000)
  from space 54784K, 6% used [0x00000000f9400000,0x00000000f9789d00,0x00000000fc980000)
  to   space 53248K, 0% used [0x00000000fc980000,0x00000000fc980000,0x00000000ffd80000)
 ParOldGen       total 175104K, used 136741K [0x00000000c0000000, 0x00000000cab00000, 0x00000000eab00000)
  object space 175104K, 78% used [0x00000000c0000000,0x00000000c85894d0,0x00000000cab00000)
 Metaspace       used 69378K, capacity 72534K, committed 72792K, reserved 1112064K
  class space    used 9163K, capacity 9770K, committed 9856K, reserved 1048576K
}

