# JRE version: OpenJDK Runtime Environment (8.0_152-b02) (build 1.8.0_152-release-1024-b02)
# Java VM: OpenJDK 64-Bit Server VM (25.152-b02 mixed mode windows-amd64 compressed oops)
Heap:
 PSYoungGen      total 134656K, used 93863K [0x00000000eab00000, 0x00000000f6280000, 0x0000000100000000)
  eden space 105472K, 81% used [0x00000000eab00000,0x00000000eff42910,0x00000000f1200000)
  from space 29184K, 25% used [0x00000000f1200000,0x00000000f1967448,0x00000000f2e80000)
  to   space 29184K, 0% used [0x00000000f4600000,0x00000000f4600000,0x00000000f6280000)
 ParOldGen       total 154112K, used 55568K [0x00000000c0000000, 0x00000000c9680000, 0x00000000eab00000)
  object space 154112K, 36% used [0x00000000c0000000,0x00000000c3644008,0x00000000c9680000)
 Metaspace       used 81100K, capacity 85660K, committed 85888K, reserved 1124352K
  class space    used 10225K, capacity 11059K, committed 11136K, reserved 1048576K
GC Heap History (10 events):
Event: 15701.065 GC heap before
{Heap before GC invocations=34 (full 3):
 PSYoungGen      total 116224K, used 91366K [0x00000000eab00000, 0x00000000f3c00000, 0x0000000100000000)
  eden space 86016K, 99% used [0x00000000eab00000,0x00000000efefc4c8,0x00000000eff00000)
  from space 30208K, 17% used [0x00000000f1e80000,0x00000000f23bd708,0x00000000f3c00000)
  to   space 31232K, 0% used [0x00000000eff00000,0x00000000eff00000,0x00000000f1d80000)
 ParOldGen       total 154112K, used 54831K [0x00000000c0000000, 0x00000000c9680000, 0x00000000eab00000)
  object space 154112K, 35% used [0x00000000c0000000,0x00000000c358bfe8,0x00000000c9680000)
 Metaspace       used 80540K, capacity 85058K, committed 85376K, reserved 1124352K
  class space    used 10195K, capacity 11012K, committed 11136K, reserved 1048576K
Event: 15701.074 GC heap after
Heap after GC invocations=34 (full 3):
 PSYoungGen      total 97280K, used 12644K [0x00000000eab00000, 0x00000000f3980000, 0x0000000100000000)
  eden space 84480K, 0% used [0x00000000eab00000,0x00000000eab00000,0x00000000efd80000)
  from space 12800K, 98% used [0x00000000eff00000,0x00000000f0b591f8,0x00000000f0b80000)
  to   space 30720K, 0% used [0x00000000f1b80000,0x00000000f1b80000,0x00000000f3980000)
 ParOldGen       total 154112K, used 54983K [0x00000000c0000000, 0x00000000c9680000, 0x00000000eab00000)
  object space 154112K, 35% used [0x00000000c0000000,0x00000000c35b1ff8,0x00000000c9680000)
 Metaspace       used 80540K, capacity 85058K, committed 85376K, reserved 1124352K
  class space    used 10195K, capacity 11012K, committed 11136K, reserved 1048576K
}
Event: 15701.118 GC heap before
{Heap before GC invocations=35 (full 3):
 PSYoungGen      total 97280K, used 96558K [0x00000000eab00000, 0x00000000f3980000, 0x0000000100000000)
  eden space 84480K, 99% used [0x00000000eab00000,0x00000000efcf2890,0x00000000efd80000)
  from space 12800K, 98% used [0x00000000eff00000,0x00000000f0b591f8,0x00000000f0b80000)
  to   space 30720K, 0% used [0x00000000f1b80000,0x00000000f1b80000,0x00000000f3980000)
 ParOldGen       total 154112K, used 54983K [0x00000000c0000000, 0x00000000c9680000, 0x00000000eab00000)
  object space 154112K, 35% used [0x00000000c0000000,0x00000000c35b1ff8,0x00000000c9680000)
 Metaspace       used 80562K, capacity 85064K, committed 85376K, reserved 1124352K
  class space    used 10196K, capacity 11013K, committed 11136K, reserved 1048576K
Event: 15701.132 GC heap after
Heap after GC invocations=35 (full 3):
 PSYoungGen      total 116224K, used 11701K [0x00000000eab00000, 0x00000000f4b80000, 0x0000000100000000)
  eden space 85504K, 0% used [0x00000000eab00000,0x00000000eab00000,0x00000000efe80000)
  from space 30720K, 38% used [0x00000000f1b80000,0x00000000f26ed500,0x00000000f3980000)
  to   space 29696K, 0% used [0x00000000efe80000,0x00000000efe80000,0x00000000f1b80000)
 ParOldGen       total 154112K, used 55072K [0x00000000c0000000, 0x00000000c9680000, 0x00000000eab00000)
  object space 154112K, 35% used [0x00000000c0000000,0x00000000c35c8008,0x00000000c9680000)
 Metaspace       used 80562K, capacity 85064K, committed 85376K, reserved 1124352K
  class space    used 10196K, capacity 11013K, committed 11136K, reserved 1048576K
}
Event: 15701.144 GC heap before
{Heap before GC invocations=36 (full 3):
 PSYoungGen      total 116224K, used 96594K [0x00000000eab00000, 0x00000000f4b80000, 0x0000000100000000)
  eden space 85504K, 99% used [0x00000000eab00000,0x00000000efde7620,0x00000000efe80000)
  from space 30720K, 38% used [0x00000000f1b80000,0x00000000f26ed500,0x00000000f3980000)
  to   space 29696K, 0% used [0x00000000efe80000,0x00000000efe80000,0x00000000f1b80000)
 ParOldGen       total 154112K, used 55072K [0x00000000c0000000, 0x00000000c9680000, 0x00000000eab00000)
  object space 154112K, 35% used [0x00000000c0000000,0x00000000c35c8008,0x00000000c9680000)
 Metaspace       used 80565K, capacity 85064K, committed 85376K, reserved 1124352K
  class space    used 10196K, capacity 11013K, committed 11136K, reserved 1048576K
Event: 15701.152 GC heap after
Heap after GC invocations=36 (full 3):
 PSYoungGen      total 115200K, used 9255K [0x00000000eab00000, 0x00000000f4b80000, 0x0000000100000000)
  eden space 85504K, 0% used [0x00000000eab00000,0x00000000eab00000,0x00000000efe80000)
  from space 29696K, 31% used [0x00000000efe80000,0x00000000f0789d40,0x00000000f1b80000)
  to   space 29696K, 0% used [0x00000000f2e80000,0x00000000f2e80000,0x00000000f4b80000)
 ParOldGen       total 154112K, used 55224K [0x00000000c0000000, 0x00000000c9680000, 0x00000000eab00000)
  object space 154112K, 35% used [0x00000000c0000000,0x00000000c35ee008,0x00000000c9680000)
 Metaspace       used 80565K, capacity 85064K, committed 85376K, reserved 1124352K
  class space    used 10196K, capacity 11013K, committed 11136K, reserved 1048576K
}
Event: 15701.165 GC heap before
{Heap before GC invocations=37 (full 3):
 PSYoungGen      total 115200K, used 94599K [0x00000000eab00000, 0x00000000f4b80000, 0x0000000100000000)
  eden space 85504K, 99% used [0x00000000eab00000,0x00000000efe57f60,0x00000000efe80000)
  from space 29696K, 31% used [0x00000000efe80000,0x00000000f0789d40,0x00000000f1b80000)
  to   space 29696K, 0% used [0x00000000f2e80000,0x00000000f2e80000,0x00000000f4b80000)
 ParOldGen       total 154112K, used 55224K [0x00000000c0000000, 0x00000000c9680000, 0x00000000eab00000)
  object space 154112K, 35% used [0x00000000c0000000,0x00000000c35ee008,0x00000000c9680000)
 Metaspace       used 80569K, capacity 85064K, committed 85376K, reserved 1124352K
  class space    used 10196K, capacity 11013K, committed 11136K, reserved 1048576K
Event: 15701.171 GC heap after
Heap after GC invocations=37 (full 3):
 PSYoungGen      total 134656K, used 6634K [0x00000000eab00000, 0x00000000f4b00000, 0x0000000100000000)
  eden space 105472K, 0% used [0x00000000eab00000,0x00000000eab00000,0x00000000f1200000)
  from space 29184K, 22% used [0x00000000f2e80000,0x00000000f34fa878,0x00000000f4b00000)
  to   space 29184K, 0% used [0x00000000f1200000,0x00000000f1200000,0x00000000f2e80000)
 ParOldGen       total 154112K, used 55320K [0x00000000c0000000, 0x00000000c9680000, 0x00000000eab00000)
  object space 154112K, 35% used [0x00000000c0000000,0x00000000c3606008,0x00000000c9680000)
 Metaspace       used 80569K, capacity 85064K, committed 85376K, reserved 1124352K
  class space    used 10196K, capacity 11013K, committed 11136K, reserved 1048576K
}
Event: 15718.702 GC heap before
{Heap before GC invocations=38 (full 3):
 PSYoungGen      total 134656K, used 112106K [0x00000000eab00000, 0x00000000f4b00000, 0x0000000100000000)
  eden space 105472K, 100% used [0x00000000eab00000,0x00000000f1200000,0x00000000f1200000)
  from space 29184K, 22% used [0x00000000f2e80000,0x00000000f34fa878,0x00000000f4b00000)
  to   space 29184K, 0% used [0x00000000f1200000,0x00000000f1200000,0x00000000f2e80000)
 ParOldGen       total 154112K, used 55320K [0x00000000c0000000, 0x00000000c9680000, 0x00000000eab00000)
  object space 154112K, 35% used [0x00000000c0000000,0x00000000c3606008,0x00000000c9680000)
 Metaspace       used 80738K, capacity 85330K, committed 85632K, reserved 1124352K
  class space    used 10210K, capacity 11058K, committed 11136K, reserved 1048576K
Event: 15718.711 GC heap after
Heap after GC invocations=38 (full 3):
 PSYoungGen      total 134656K, used 7581K [0x00000000eab00000, 0x00000000f6280000, 0x0000000100000000)
  eden space 105472K, 0% used [0x00000000eab00000,0x00000000eab00000,0x00000000f1200000)
  from space 29184K, 25% used [0x00000000f1200000,0x00000000f1967448,0x00000000f2e80000)
  to   space 29184K, 0% used [0x00000000f4600000,0x00000000f4600000,0x00000000f6280000)
 ParOldGen       total 154112K, used 55568K [0x00000000c0000000, 0x00000000c9680000, 0x00000000eab00000)
  object space 154112K, 36% used [0x00000000c0000000,0x00000000c3644008,0x00000000c9680000)
 Metaspace       used 80738K, capacity 85330K, committed 85632K, reserved 1124352K
  class space    used 10210K, capacity 11058K, committed 11136K, reserved 1048576K
}

