# JRE version: OpenJDK Runtime Environment (8.0_152-b02) (build 1.8.0_152-release-1024-b02)
# Java VM: OpenJDK 64-Bit Server VM (25.152-b02 mixed mode windows-amd64 compressed oops)
Heap:
 PSYoungGen      total 152576K, used 78524K [0x00000000eab00000, 0x00000000f7580000, 0x0000000100000000)
  eden space 139776K, 47% used [0x00000000eab00000,0x00000000eeb32b00,0x00000000f3380000)
  from space 12800K, 99% used [0x00000000f4200000,0x00000000f4e7c750,0x00000000f4e80000)
  to   space 14848K, 0% used [0x00000000f3380000,0x00000000f3380000,0x00000000f4200000)
 ParOldGen       total 103936K, used 20957K [0x00000000c0000000, 0x00000000c6580000, 0x00000000eab00000)
  object space 103936K, 20% used [0x00000000c0000000,0x00000000c14776d0,0x00000000c6580000)
 Metaspace       used 44956K, capacity 45984K, committed 46208K, reserved 1089536K
  class space    used 6160K, capacity 6455K, committed 6528K, reserved 1048576K
GC Heap History (10 events):
Event: 3.285 GC heap before
{Heap before GC invocations=6 (full 1):
 PSYoungGen      total 71680K, used 5092K [0x00000000eab00000, 0x00000000f4000000, 0x0000000100000000)
  eden space 66560K, 0% used [0x00000000eab00000,0x00000000eab00000,0x00000000eec00000)
  from space 5120K, 99% used [0x00000000eec00000,0x00000000ef0f9050,0x00000000ef100000)
  to   space 9728K, 0% used [0x00000000f3680000,0x00000000f3680000,0x00000000f4000000)
 ParOldGen       total 87552K, used 8122K [0x00000000c0000000, 0x00000000c5580000, 0x00000000eab00000)
  object space 87552K, 9% used [0x00000000c0000000,0x00000000c07eeb80,0x00000000c5580000)
 Metaspace       used 20809K, capacity 21208K, committed 21248K, reserved 1067008K
  class space    used 2899K, capacity 3042K, committed 3072K, reserved 1048576K
Event: 3.344 GC heap after
Heap after GC invocations=6 (full 1):
 PSYoungGen      total 71680K, used 0K [0x00000000eab00000, 0x00000000f4000000, 0x0000000100000000)
  eden space 66560K, 0% used [0x00000000eab00000,0x00000000eab00000,0x00000000eec00000)
  from space 5120K, 0% used [0x00000000eec00000,0x00000000eec00000,0x00000000ef100000)
  to   space 9728K, 0% used [0x00000000f3680000,0x00000000f3680000,0x00000000f4000000)
 ParOldGen       total 61440K, used 7883K [0x00000000c0000000, 0x00000000c3c00000, 0x00000000eab00000)
  object space 61440K, 12% used [0x00000000c0000000,0x00000000c07b2ca8,0x00000000c3c00000)
 Metaspace       used 20809K, capacity 21208K, committed 21248K, reserved 1067008K
  class space    used 2899K, capacity 3042K, committed 3072K, reserved 1048576K
}
Event: 5.126 GC heap before
{Heap before GC invocations=7 (full 1):
 PSYoungGen      total 71680K, used 66560K [0x00000000eab00000, 0x00000000f4000000, 0x0000000100000000)
  eden space 66560K, 100% used [0x00000000eab00000,0x00000000eec00000,0x00000000eec00000)
  from space 5120K, 0% used [0x00000000eec00000,0x00000000eec00000,0x00000000ef100000)
  to   space 9728K, 0% used [0x00000000f3680000,0x00000000f3680000,0x00000000f4000000)
 ParOldGen       total 61440K, used 7883K [0x00000000c0000000, 0x00000000c3c00000, 0x00000000eab00000)
  object space 61440K, 12% used [0x00000000c0000000,0x00000000c07b2ca8,0x00000000c3c00000)
 Metaspace       used 26621K, capacity 27128K, committed 27136K, reserved 1073152K
  class space    used 3670K, capacity 3833K, committed 3840K, reserved 1048576K
Event: 5.136 GC heap after
Heap after GC invocations=7 (full 1):
 PSYoungGen      total 106496K, used 7345K [0x00000000eab00000, 0x00000000f3e00000, 0x0000000100000000)
  eden space 98816K, 0% used [0x00000000eab00000,0x00000000eab00000,0x00000000f0b80000)
  from space 7680K, 95% used [0x00000000f3680000,0x00000000f3dac6c0,0x00000000f3e00000)
  to   space 9728K, 0% used [0x00000000f2b00000,0x00000000f2b00000,0x00000000f3480000)
 ParOldGen       total 61440K, used 7891K [0x00000000c0000000, 0x00000000c3c00000, 0x00000000eab00000)
  object space 61440K, 12% used [0x00000000c0000000,0x00000000c07b4ca8,0x00000000c3c00000)
 Metaspace       used 26621K, capacity 27128K, committed 27136K, reserved 1073152K
  class space    used 3670K, capacity 3833K, committed 3840K, reserved 1048576K
}
Event: 7.357 GC heap before
{Heap before GC invocations=8 (full 1):
 PSYoungGen      total 106496K, used 98213K [0x00000000eab00000, 0x00000000f3e00000, 0x0000000100000000)
  eden space 98816K, 91% used [0x00000000eab00000,0x00000000f03bceb0,0x00000000f0b80000)
  from space 7680K, 95% used [0x00000000f3680000,0x00000000f3dac6c0,0x00000000f3e00000)
  to   space 9728K, 0% used [0x00000000f2b00000,0x00000000f2b00000,0x00000000f3480000)
 ParOldGen       total 61440K, used 7891K [0x00000000c0000000, 0x00000000c3c00000, 0x00000000eab00000)
  object space 61440K, 12% used [0x00000000c0000000,0x00000000c07b4ca8,0x00000000c3c00000)
 Metaspace       used 34560K, capacity 35276K, committed 35416K, reserved 1079296K
  class space    used 4766K, capacity 5000K, committed 5120K, reserved 1048576K
Event: 7.368 GC heap after
Heap after GC invocations=8 (full 1):
 PSYoungGen      total 140800K, used 9707K [0x00000000eab00000, 0x00000000f4e80000, 0x0000000100000000)
  eden space 131072K, 0% used [0x00000000eab00000,0x00000000eab00000,0x00000000f2b00000)
  from space 9728K, 99% used [0x00000000f2b00000,0x00000000f347ac28,0x00000000f3480000)
  to   space 12800K, 0% used [0x00000000f4200000,0x00000000f4200000,0x00000000f4e80000)
 ParOldGen       total 61440K, used 11190K [0x00000000c0000000, 0x00000000c3c00000, 0x00000000eab00000)
  object space 61440K, 18% used [0x00000000c0000000,0x00000000c0aedb58,0x00000000c3c00000)
 Metaspace       used 34560K, capacity 35276K, committed 35416K, reserved 1079296K
  class space    used 4766K, capacity 5000K, committed 5120K, reserved 1048576K
}
Event: 7.368 GC heap before
{Heap before GC invocations=9 (full 2):
 PSYoungGen      total 140800K, used 9707K [0x00000000eab00000, 0x00000000f4e80000, 0x0000000100000000)
  eden space 131072K, 0% used [0x00000000eab00000,0x00000000eab00000,0x00000000f2b00000)
  from space 9728K, 99% used [0x00000000f2b00000,0x00000000f347ac28,0x00000000f3480000)
  to   space 12800K, 0% used [0x00000000f4200000,0x00000000f4200000,0x00000000f4e80000)
 ParOldGen       total 61440K, used 11190K [0x00000000c0000000, 0x00000000c3c00000, 0x00000000eab00000)
  object space 61440K, 18% used [0x00000000c0000000,0x00000000c0aedb58,0x00000000c3c00000)
 Metaspace       used 34560K, capacity 35276K, committed 35416K, reserved 1079296K
  class space    used 4766K, capacity 5000K, committed 5120K, reserved 1048576K
Event: 7.478 GC heap after
Heap after GC invocations=9 (full 2):
 PSYoungGen      total 140800K, used 0K [0x00000000eab00000, 0x00000000f4e80000, 0x0000000100000000)
  eden space 131072K, 0% used [0x00000000eab00000,0x00000000eab00000,0x00000000f2b00000)
  from space 9728K, 0% used [0x00000000f2b00000,0x00000000f2b00000,0x00000000f3480000)
  to   space 12800K, 0% used [0x00000000f4200000,0x00000000f4200000,0x00000000f4e80000)
 ParOldGen       total 103936K, used 19284K [0x00000000c0000000, 0x00000000c6580000, 0x00000000eab00000)
  object space 103936K, 18% used [0x00000000c0000000,0x00000000c12d5348,0x00000000c6580000)
 Metaspace       used 34560K, capacity 35276K, committed 35416K, reserved 1079296K
  class space    used 4766K, capacity 5000K, committed 5120K, reserved 1048576K
}
Event: 10.072 GC heap before
{Heap before GC invocations=10 (full 2):
 PSYoungGen      total 140800K, used 131072K [0x00000000eab00000, 0x00000000f4e80000, 0x0000000100000000)
  eden space 131072K, 100% used [0x00000000eab00000,0x00000000f2b00000,0x00000000f2b00000)
  from space 9728K, 0% used [0x00000000f2b00000,0x00000000f2b00000,0x00000000f3480000)
  to   space 12800K, 0% used [0x00000000f4200000,0x00000000f4200000,0x00000000f4e80000)
 ParOldGen       total 103936K, used 19284K [0x00000000c0000000, 0x00000000c6580000, 0x00000000eab00000)
  object space 103936K, 18% used [0x00000000c0000000,0x00000000c12d5348,0x00000000c6580000)
 Metaspace       used 41414K, capacity 42376K, committed 42624K, reserved 1085440K
  class space    used 5667K, capacity 5957K, committed 6016K, reserved 1048576K
Event: 10.093 GC heap after
Heap after GC invocations=10 (full 2):
 PSYoungGen      total 152576K, used 12785K [0x00000000eab00000, 0x00000000f7580000, 0x0000000100000000)
  eden space 139776K, 0% used [0x00000000eab00000,0x00000000eab00000,0x00000000f3380000)
  from space 12800K, 99% used [0x00000000f4200000,0x00000000f4e7c750,0x00000000f4e80000)
  to   space 14848K, 0% used [0x00000000f3380000,0x00000000f3380000,0x00000000f4200000)
 ParOldGen       total 103936K, used 20957K [0x00000000c0000000, 0x00000000c6580000, 0x00000000eab00000)
  object space 103936K, 20% used [0x00000000c0000000,0x00000000c14776d0,0x00000000c6580000)
 Metaspace       used 41414K, capacity 42376K, committed 42624K, reserved 1085440K
  class space    used 5667K, capacity 5957K, committed 6016K, reserved 1048576K
}

