# JRE version: OpenJDK Runtime Environment (8.0_152-b02) (build 1.8.0_152-release-1024-b02)
# Java VM: OpenJDK 64-Bit Server VM (25.152-b02 mixed mode windows-amd64 compressed oops)
Heap:
 PSYoungGen      total 212992K, used 19094K [0x00000000eab00000, 0x00000000f8d80000, 0x0000000100000000)
  eden space 194048K, 3% used [0x00000000eab00000,0x00000000eb2300b8,0x00000000f6880000)
  from space 18944K, 61% used [0x00000000f6880000,0x00000000f73f5a38,0x00000000f7b00000)
  to   space 17408K, 0% used [0x00000000f7b00000,0x00000000f7b00000,0x00000000f8c00000)
 ParOldGen       total 139776K, used 38814K [0x00000000c0000000, 0x00000000c8880000, 0x00000000eab00000)
  object space 139776K, 27% used [0x00000000c0000000,0x00000000c25e7850,0x00000000c8880000)
 Metaspace       used 61489K, capacity 63596K, committed 63616K, reserved 1103872K
  class space    used 8311K, capacity 8818K, committed 8832K, reserved 1048576K
GC Heap History (10 events):
Event: 11.844 GC heap after
Heap after GC invocations=9 (full 2):
 PSYoungGen      total 140800K, used 0K [0x00000000eab00000, 0x00000000f5c00000, 0x0000000100000000)
  eden space 131072K, 0% used [0x00000000eab00000,0x00000000eab00000,0x00000000f2b00000)
  from space 9728K, 0% used [0x00000000f2b00000,0x00000000f2b00000,0x00000000f3480000)
  to   space 12800K, 0% used [0x00000000f4f80000,0x00000000f4f80000,0x00000000f5c00000)
 ParOldGen       total 92672K, used 19286K [0x00000000c0000000, 0x00000000c5a80000, 0x00000000eab00000)
  object space 92672K, 20% used [0x00000000c0000000,0x00000000c12d5af0,0x00000000c5a80000)
 Metaspace       used 34541K, capacity 35250K, committed 35416K, reserved 1079296K
  class space    used 4764K, capacity 4993K, committed 5120K, reserved 1048576K
}
Event: 15.536 GC heap before
{Heap before GC invocations=10 (full 2):
 PSYoungGen      total 140800K, used 131072K [0x00000000eab00000, 0x00000000f5c00000, 0x0000000100000000)
  eden space 131072K, 100% used [0x00000000eab00000,0x00000000f2b00000,0x00000000f2b00000)
  from space 9728K, 0% used [0x00000000f2b00000,0x00000000f2b00000,0x00000000f3480000)
  to   space 12800K, 0% used [0x00000000f4f80000,0x00000000f4f80000,0x00000000f5c00000)
 ParOldGen       total 92672K, used 19286K [0x00000000c0000000, 0x00000000c5a80000, 0x00000000eab00000)
  object space 92672K, 20% used [0x00000000c0000000,0x00000000c12d5af0,0x00000000c5a80000)
 Metaspace       used 41499K, capacity 42428K, committed 42624K, reserved 1085440K
  class space    used 5677K, capacity 5957K, committed 6016K, reserved 1048576K
Event: 15.552 GC heap after
Heap after GC invocations=10 (full 2):
 PSYoungGen      total 165888K, used 12794K [0x00000000eab00000, 0x00000000f8780000, 0x0000000100000000)
  eden space 153088K, 0% used [0x00000000eab00000,0x00000000eab00000,0x00000000f4080000)
  from space 12800K, 99% used [0x00000000f4f80000,0x00000000f5bfe858,0x00000000f5c00000)
  to   space 15360K, 0% used [0x00000000f4080000,0x00000000f4080000,0x00000000f4f80000)
 ParOldGen       total 92672K, used 21014K [0x00000000c0000000, 0x00000000c5a80000, 0x00000000eab00000)
  object space 92672K, 22% used [0x00000000c0000000,0x00000000c1485bd0,0x00000000c5a80000)
 Metaspace       used 41499K, capacity 42428K, committed 42624K, reserved 1085440K
  class space    used 5677K, capacity 5957K, committed 6016K, reserved 1048576K
}
Event: 19.172 GC heap before
{Heap before GC invocations=11 (full 2):
 PSYoungGen      total 165888K, used 165882K [0x00000000eab00000, 0x00000000f8780000, 0x0000000100000000)
  eden space 153088K, 100% used [0x00000000eab00000,0x00000000f4080000,0x00000000f4080000)
  from space 12800K, 99% used [0x00000000f4f80000,0x00000000f5bfe858,0x00000000f5c00000)
  to   space 15360K, 0% used [0x00000000f4080000,0x00000000f4080000,0x00000000f4f80000)
 ParOldGen       total 92672K, used 21014K [0x00000000c0000000, 0x00000000c5a80000, 0x00000000eab00000)
  object space 92672K, 22% used [0x00000000c0000000,0x00000000c1485bd0,0x00000000c5a80000)
 Metaspace       used 47973K, capacity 49234K, committed 49408K, reserved 1091584K
  class space    used 6499K, capacity 6856K, committed 6912K, reserved 1048576K
Event: 19.195 GC heap after
Heap after GC invocations=11 (full 2):
 PSYoungGen      total 168448K, used 15331K [0x00000000eab00000, 0x00000000f8c00000, 0x0000000100000000)
  eden space 153088K, 0% used [0x00000000eab00000,0x00000000eab00000,0x00000000f4080000)
  from space 15360K, 99% used [0x00000000f4080000,0x00000000f4f78c68,0x00000000f4f80000)
  to   space 17408K, 0% used [0x00000000f7b00000,0x00000000f7b00000,0x00000000f8c00000)
 ParOldGen       total 92672K, used 21263K [0x00000000c0000000, 0x00000000c5a80000, 0x00000000eab00000)
  object space 92672K, 22% used [0x00000000c0000000,0x00000000c14c3c90,0x00000000c5a80000)
 Metaspace       used 47973K, capacity 49234K, committed 49408K, reserved 1091584K
  class space    used 6499K, capacity 6856K, committed 6912K, reserved 1048576K
}
Event: 22.974 GC heap before
{Heap before GC invocations=12 (full 2):
 PSYoungGen      total 168448K, used 134480K [0x00000000eab00000, 0x00000000f8c00000, 0x0000000100000000)
  eden space 153088K, 77% used [0x00000000eab00000,0x00000000f1f5b640,0x00000000f4080000)
  from space 15360K, 99% used [0x00000000f4080000,0x00000000f4f78c68,0x00000000f4f80000)
  to   space 17408K, 0% used [0x00000000f7b00000,0x00000000f7b00000,0x00000000f8c00000)
 ParOldGen       total 92672K, used 21263K [0x00000000c0000000, 0x00000000c5a80000, 0x00000000eab00000)
  object space 92672K, 22% used [0x00000000c0000000,0x00000000c14c3c90,0x00000000c5a80000)
 Metaspace       used 57124K, capacity 58946K, committed 59008K, reserved 1099776K
  class space    used 7847K, capacity 8302K, committed 8320K, reserved 1048576K
Event: 23.001 GC heap after
Heap after GC invocations=12 (full 2):
 PSYoungGen      total 211456K, used 16160K [0x00000000eab00000, 0x00000000f8d80000, 0x0000000100000000)
  eden space 194048K, 0% used [0x00000000eab00000,0x00000000eab00000,0x00000000f6880000)
  from space 17408K, 92% used [0x00000000f7b00000,0x00000000f8ac82f8,0x00000000f8c00000)
  to   space 18944K, 0% used [0x00000000f6880000,0x00000000f6880000,0x00000000f7b00000)
 ParOldGen       total 92672K, used 30976K [0x00000000c0000000, 0x00000000c5a80000, 0x00000000eab00000)
  object space 92672K, 33% used [0x00000000c0000000,0x00000000c1e40268,0x00000000c5a80000)
 Metaspace       used 57124K, capacity 58946K, committed 59008K, reserved 1099776K
  class space    used 7847K, capacity 8302K, committed 8320K, reserved 1048576K
}
Event: 23.001 GC heap before
{Heap before GC invocations=13 (full 3):
 PSYoungGen      total 211456K, used 16160K [0x00000000eab00000, 0x00000000f8d80000, 0x0000000100000000)
  eden space 194048K, 0% used [0x00000000eab00000,0x00000000eab00000,0x00000000f6880000)
  from space 17408K, 92% used [0x00000000f7b00000,0x00000000f8ac82f8,0x00000000f8c00000)
  to   space 18944K, 0% used [0x00000000f6880000,0x00000000f6880000,0x00000000f7b00000)
 ParOldGen       total 92672K, used 30976K [0x00000000c0000000, 0x00000000c5a80000, 0x00000000eab00000)
  object space 92672K, 33% used [0x00000000c0000000,0x00000000c1e40268,0x00000000c5a80000)
 Metaspace       used 57124K, capacity 58946K, committed 59008K, reserved 1099776K
  class space    used 7847K, capacity 8302K, committed 8320K, reserved 1048576K
Event: 23.201 GC heap after
Heap after GC invocations=13 (full 3):
 PSYoungGen      total 211456K, used 0K [0x00000000eab00000, 0x00000000f8d80000, 0x0000000100000000)
  eden space 194048K, 0% used [0x00000000eab00000,0x00000000eab00000,0x00000000f6880000)
  from space 17408K, 0% used [0x00000000f7b00000,0x00000000f7b00000,0x00000000f8c00000)
  to   space 18944K, 0% used [0x00000000f6880000,0x00000000f6880000,0x00000000f7b00000)
 ParOldGen       total 139776K, used 38806K [0x00000000c0000000, 0x00000000c8880000, 0x00000000eab00000)
  object space 139776K, 27% used [0x00000000c0000000,0x00000000c25e5850,0x00000000c8880000)
 Metaspace       used 57124K, capacity 58946K, committed 59008K, reserved 1099776K
  class space    used 7847K, capacity 8302K, committed 8320K, reserved 1048576K
}
Event: 87.063 GC heap before
{Heap before GC invocations=14 (full 3):
 PSYoungGen      total 211456K, used 194048K [0x00000000eab00000, 0x00000000f8d80000, 0x0000000100000000)
  eden space 194048K, 100% used [0x00000000eab00000,0x00000000f6880000,0x00000000f6880000)
  from space 17408K, 0% used [0x00000000f7b00000,0x00000000f7b00000,0x00000000f8c00000)
  to   space 18944K, 0% used [0x00000000f6880000,0x00000000f6880000,0x00000000f7b00000)
 ParOldGen       total 139776K, used 38806K [0x00000000c0000000, 0x00000000c8880000, 0x00000000eab00000)
  object space 139776K, 27% used [0x00000000c0000000,0x00000000c25e5850,0x00000000c8880000)
 Metaspace       used 61484K, capacity 63596K, committed 63616K, reserved 1103872K
  class space    used 8311K, capacity 8818K, committed 8832K, reserved 1048576K

