# JRE version: OpenJDK Runtime Environment (8.0_152-b02) (build 1.8.0_152-release-1024-b02)
# Java VM: OpenJDK 64-Bit Server VM (25.152-b02 mixed mode windows-amd64 compressed oops)
Heap:
 PSYoungGen      total 201728K, used 86201K [0x00000000eab00000, 0x00000000f8480000, 0x0000000100000000)
  eden space 189440K, 39% used [0x00000000eab00000,0x00000000ef333930,0x00000000f6400000)
  from space 12288K, 99% used [0x00000000f7280000,0x00000000f7e7ad00,0x00000000f7e80000)
  to   space 14848K, 0% used [0x00000000f6400000,0x00000000f6400000,0x00000000f7280000)
 ParOldGen       total 87040K, used 21345K [0x00000000c0000000, 0x00000000c5500000, 0x00000000eab00000)
  object space 87040K, 24% used [0x00000000c0000000,0x00000000c14d8468,0x00000000c5500000)
 Metaspace       used 45371K, capacity 46358K, committed 46424K, reserved 1089536K
  class space    used 6173K, capacity 6466K, committed 6528K, reserved 1048576K
GC Heap History (10 events):
Event: 6.571 GC heap before
{Heap before GC invocations=6 (full 1):
 PSYoungGen      total 71680K, used 5088K [0x00000000eab00000, 0x00000000f4000000, 0x0000000100000000)
  eden space 66560K, 0% used [0x00000000eab00000,0x00000000eab00000,0x00000000eec00000)
  from space 5120K, 99% used [0x00000000eec00000,0x00000000ef0f8030,0x00000000ef100000)
  to   space 9728K, 0% used [0x00000000f3680000,0x00000000f3680000,0x00000000f4000000)
 ParOldGen       total 87552K, used 8127K [0x00000000c0000000, 0x00000000c5580000, 0x00000000eab00000)
  object space 87552K, 9% used [0x00000000c0000000,0x00000000c07efc18,0x00000000c5580000)
 Metaspace       used 20678K, capacity 21070K, committed 21248K, reserved 1067008K
  class space    used 2866K, capacity 2989K, committed 3072K, reserved 1048576K
Event: 6.628 GC heap after
Heap after GC invocations=6 (full 1):
 PSYoungGen      total 71680K, used 0K [0x00000000eab00000, 0x00000000f4000000, 0x0000000100000000)
  eden space 66560K, 0% used [0x00000000eab00000,0x00000000eab00000,0x00000000eec00000)
  from space 5120K, 0% used [0x00000000eec00000,0x00000000eec00000,0x00000000ef100000)
  to   space 9728K, 0% used [0x00000000f3680000,0x00000000f3680000,0x00000000f4000000)
 ParOldGen       total 53760K, used 7757K [0x00000000c0000000, 0x00000000c3480000, 0x00000000eab00000)
  object space 53760K, 14% used [0x00000000c0000000,0x00000000c07934f0,0x00000000c3480000)
 Metaspace       used 20678K, capacity 21070K, committed 21248K, reserved 1067008K
  class space    used 2866K, capacity 2989K, committed 3072K, reserved 1048576K
}
Event: 8.530 GC heap before
{Heap before GC invocations=7 (full 1):
 PSYoungGen      total 71680K, used 66560K [0x00000000eab00000, 0x00000000f4000000, 0x0000000100000000)
  eden space 66560K, 100% used [0x00000000eab00000,0x00000000eec00000,0x00000000eec00000)
  from space 5120K, 0% used [0x00000000eec00000,0x00000000eec00000,0x00000000ef100000)
  to   space 9728K, 0% used [0x00000000f3680000,0x00000000f3680000,0x00000000f4000000)
 ParOldGen       total 53760K, used 7757K [0x00000000c0000000, 0x00000000c3480000, 0x00000000eab00000)
  object space 53760K, 14% used [0x00000000c0000000,0x00000000c07934f0,0x00000000c3480000)
 Metaspace       used 26415K, capacity 26830K, committed 27136K, reserved 1073152K
  class space    used 3629K, capacity 3748K, committed 3840K, reserved 1048576K
Event: 8.544 GC heap after
Heap after GC invocations=7 (full 1):
 PSYoungGen      total 121344K, used 7097K [0x00000000eab00000, 0x00000000f3d80000, 0x0000000100000000)
  eden space 114176K, 0% used [0x00000000eab00000,0x00000000eab00000,0x00000000f1a80000)
  from space 7168K, 99% used [0x00000000f3680000,0x00000000f3d6e728,0x00000000f3d80000)
  to   space 9728K, 0% used [0x00000000f2a80000,0x00000000f2a80000,0x00000000f3400000)
 ParOldGen       total 53760K, used 7765K [0x00000000c0000000, 0x00000000c3480000, 0x00000000eab00000)
  object space 53760K, 14% used [0x00000000c0000000,0x00000000c07954f0,0x00000000c3480000)
 Metaspace       used 26415K, capacity 26830K, committed 27136K, reserved 1073152K
  class space    used 3629K, capacity 3748K, committed 3840K, reserved 1048576K
}
Event: 11.157 GC heap before
{Heap before GC invocations=8 (full 1):
 PSYoungGen      total 121344K, used 100840K [0x00000000eab00000, 0x00000000f3d80000, 0x0000000100000000)
  eden space 114176K, 82% used [0x00000000eab00000,0x00000000f068bae8,0x00000000f1a80000)
  from space 7168K, 99% used [0x00000000f3680000,0x00000000f3d6e728,0x00000000f3d80000)
  to   space 9728K, 0% used [0x00000000f2a80000,0x00000000f2a80000,0x00000000f3400000)
 ParOldGen       total 53760K, used 7765K [0x00000000c0000000, 0x00000000c3480000, 0x00000000eab00000)
  object space 53760K, 14% used [0x00000000c0000000,0x00000000c07954f0,0x00000000c3480000)
 Metaspace       used 34719K, capacity 35308K, committed 35416K, reserved 1079296K
  class space    used 4755K, capacity 4982K, committed 4992K, reserved 1048576K
Event: 11.180 GC heap after
Heap after GC invocations=8 (full 1):
 PSYoungGen      total 140288K, used 9719K [0x00000000eab00000, 0x00000000f7e80000, 0x0000000100000000)
  eden space 130560K, 0% used [0x00000000eab00000,0x00000000eab00000,0x00000000f2a80000)
  from space 9728K, 99% used [0x00000000f2a80000,0x00000000f33fdf20,0x00000000f3400000)
  to   space 12288K, 0% used [0x00000000f7280000,0x00000000f7280000,0x00000000f7e80000)
 ParOldGen       total 53760K, used 11086K [0x00000000c0000000, 0x00000000c3480000, 0x00000000eab00000)
  object space 53760K, 20% used [0x00000000c0000000,0x00000000c0ad3a40,0x00000000c3480000)
 Metaspace       used 34719K, capacity 35308K, committed 35416K, reserved 1079296K
  class space    used 4755K, capacity 4982K, committed 4992K, reserved 1048576K
}
Event: 11.180 GC heap before
{Heap before GC invocations=9 (full 2):
 PSYoungGen      total 140288K, used 9719K [0x00000000eab00000, 0x00000000f7e80000, 0x0000000100000000)
  eden space 130560K, 0% used [0x00000000eab00000,0x00000000eab00000,0x00000000f2a80000)
  from space 9728K, 99% used [0x00000000f2a80000,0x00000000f33fdf20,0x00000000f3400000)
  to   space 12288K, 0% used [0x00000000f7280000,0x00000000f7280000,0x00000000f7e80000)
 ParOldGen       total 53760K, used 11086K [0x00000000c0000000, 0x00000000c3480000, 0x00000000eab00000)
  object space 53760K, 20% used [0x00000000c0000000,0x00000000c0ad3a40,0x00000000c3480000)
 Metaspace       used 34719K, capacity 35308K, committed 35416K, reserved 1079296K
  class space    used 4755K, capacity 4982K, committed 4992K, reserved 1048576K
Event: 11.295 GC heap after
Heap after GC invocations=9 (full 2):
 PSYoungGen      total 140288K, used 0K [0x00000000eab00000, 0x00000000f7e80000, 0x0000000100000000)
  eden space 130560K, 0% used [0x00000000eab00000,0x00000000eab00000,0x00000000f2a80000)
  from space 9728K, 0% used [0x00000000f2a80000,0x00000000f2a80000,0x00000000f3400000)
  to   space 12288K, 0% used [0x00000000f7280000,0x00000000f7280000,0x00000000f7e80000)
 ParOldGen       total 87040K, used 19526K [0x00000000c0000000, 0x00000000c5500000, 0x00000000eab00000)
  object space 87040K, 22% used [0x00000000c0000000,0x00000000c1311958,0x00000000c5500000)
 Metaspace       used 34719K, capacity 35308K, committed 35416K, reserved 1079296K
  class space    used 4755K, capacity 4982K, committed 4992K, reserved 1048576K
}
Event: 14.528 GC heap before
{Heap before GC invocations=10 (full 2):
 PSYoungGen      total 140288K, used 130560K [0x00000000eab00000, 0x00000000f7e80000, 0x0000000100000000)
  eden space 130560K, 100% used [0x00000000eab00000,0x00000000f2a80000,0x00000000f2a80000)
  from space 9728K, 0% used [0x00000000f2a80000,0x00000000f2a80000,0x00000000f3400000)
  to   space 12288K, 0% used [0x00000000f7280000,0x00000000f7280000,0x00000000f7e80000)
 ParOldGen       total 87040K, used 19526K [0x00000000c0000000, 0x00000000c5500000, 0x00000000eab00000)
  object space 87040K, 22% used [0x00000000c0000000,0x00000000c1311958,0x00000000c5500000)
 Metaspace       used 41242K, capacity 42174K, committed 42328K, reserved 1085440K
  class space    used 5627K, capacity 5904K, committed 6016K, reserved 1048576K
Event: 14.549 GC heap after
Heap after GC invocations=10 (full 2):
 PSYoungGen      total 201728K, used 12267K [0x00000000eab00000, 0x00000000f8480000, 0x0000000100000000)
  eden space 189440K, 0% used [0x00000000eab00000,0x00000000eab00000,0x00000000f6400000)
  from space 12288K, 99% used [0x00000000f7280000,0x00000000f7e7ad00,0x00000000f7e80000)
  to   space 14848K, 0% used [0x00000000f6400000,0x00000000f6400000,0x00000000f7280000)
 ParOldGen       total 87040K, used 21345K [0x00000000c0000000, 0x00000000c5500000, 0x00000000eab00000)
  object space 87040K, 24% used [0x00000000c0000000,0x00000000c14d8468,0x00000000c5500000)
 Metaspace       used 41242K, capacity 42174K, committed 42328K, reserved 1085440K
  class space    used 5627K, capacity 5904K, committed 6016K, reserved 1048576K
}

