# JRE version: OpenJDK Runtime Environment (8.0_152-b02) (build 1.8.0_152-release-1024-b02)
# Java VM: OpenJDK 64-Bit Server VM (25.152-b02 mixed mode windows-amd64 compressed oops)
Heap:
 PSYoungGen      total 97280K, used 35918K [0x00000000eab00000, 0x00000000f1d00000, 0x0000000100000000)
  eden space 86016K, 41% used [0x00000000eab00000,0x00000000ece13820,0x00000000eff00000)
  from space 11264K, 0% used [0x00000000eff00000,0x00000000eff00000,0x00000000f0a00000)
  to   space 9728K, 0% used [0x00000000f0a00000,0x00000000f0a00000,0x00000000f1380000)
 ParOldGen       total 56832K, used 14303K [0x00000000c0000000, 0x00000000c3780000, 0x00000000eab00000)
  object space 56832K, 25% used [0x00000000c0000000,0x00000000c0df7d20,0x00000000c3780000)
 Metaspace       used 36543K, capacity 37238K, committed 37504K, reserved 1081344K
  class space    used 5007K, capacity 5205K, committed 5248K, reserved 1048576K
GC Heap History (10 events):
Event: 22.652 GC heap before
{Heap before GC invocations=7 (full 1):
 PSYoungGen      total 38400K, used 33280K [0x00000000eab00000, 0x00000000eff00000, 0x0000000100000000)
  eden space 33280K, 100% used [0x00000000eab00000,0x00000000ecb80000,0x00000000ecb80000)
  from space 5120K, 0% used [0x00000000ecb80000,0x00000000ecb80000,0x00000000ed080000)
  to   space 9728K, 0% used [0x00000000ef580000,0x00000000ef580000,0x00000000eff00000)
 ParOldGen       total 56832K, used 7805K [0x00000000c0000000, 0x00000000c3780000, 0x00000000eab00000)
  object space 56832K, 13% used [0x00000000c0000000,0x00000000c079f7e0,0x00000000c3780000)
 Metaspace       used 24172K, capacity 24712K, committed 24832K, reserved 1071104K
  class space    used 3326K, capacity 3499K, committed 3584K, reserved 1048576K
Event: 22.656 GC heap after
Heap after GC invocations=7 (full 1):
 PSYoungGen      total 57856K, used 4086K [0x00000000eab00000, 0x00000000ef980000, 0x0000000100000000)
  eden space 53760K, 0% used [0x00000000eab00000,0x00000000eab00000,0x00000000edf80000)
  from space 4096K, 99% used [0x00000000ef580000,0x00000000ef97dbf8,0x00000000ef980000)
  to   space 10240K, 0% used [0x00000000ee580000,0x00000000ee580000,0x00000000eef80000)
 ParOldGen       total 56832K, used 7813K [0x00000000c0000000, 0x00000000c3780000, 0x00000000eab00000)
  object space 56832K, 13% used [0x00000000c0000000,0x00000000c07a17e0,0x00000000c3780000)
 Metaspace       used 24172K, capacity 24712K, committed 24832K, reserved 1071104K
  class space    used 3326K, capacity 3499K, committed 3584K, reserved 1048576K
}
Event: 25.897 GC heap before
{Heap before GC invocations=8 (full 1):
 PSYoungGen      total 57856K, used 57846K [0x00000000eab00000, 0x00000000ef980000, 0x0000000100000000)
  eden space 53760K, 100% used [0x00000000eab00000,0x00000000edf80000,0x00000000edf80000)
  from space 4096K, 99% used [0x00000000ef580000,0x00000000ef97dbf8,0x00000000ef980000)
  to   space 10240K, 0% used [0x00000000ee580000,0x00000000ee580000,0x00000000eef80000)
 ParOldGen       total 56832K, used 7813K [0x00000000c0000000, 0x00000000c3780000, 0x00000000eab00000)
  object space 56832K, 13% used [0x00000000c0000000,0x00000000c07a17e0,0x00000000c3780000)
 Metaspace       used 27894K, capacity 28440K, committed 28672K, reserved 1073152K
  class space    used 3903K, capacity 4057K, committed 4096K, reserved 1048576K
Event: 25.933 GC heap after
Heap after GC invocations=8 (full 1):
 PSYoungGen      total 70144K, used 6710K [0x00000000eab00000, 0x00000000f1380000, 0x0000000100000000)
  eden space 59904K, 0% used [0x00000000eab00000,0x00000000eab00000,0x00000000ee580000)
  from space 10240K, 65% used [0x00000000ee580000,0x00000000eec0db68,0x00000000eef80000)
  to   space 9728K, 0% used [0x00000000f0a00000,0x00000000f0a00000,0x00000000f1380000)
 ParOldGen       total 56832K, used 7821K [0x00000000c0000000, 0x00000000c3780000, 0x00000000eab00000)
  object space 56832K, 13% used [0x00000000c0000000,0x00000000c07a37e0,0x00000000c3780000)
 Metaspace       used 27894K, capacity 28440K, committed 28672K, reserved 1073152K
  class space    used 3903K, capacity 4057K, committed 4096K, reserved 1048576K
}
Event: 51.704 GC heap before
{Heap before GC invocations=9 (full 1):
 PSYoungGen      total 70144K, used 66614K [0x00000000eab00000, 0x00000000f1380000, 0x0000000100000000)
  eden space 59904K, 100% used [0x00000000eab00000,0x00000000ee580000,0x00000000ee580000)
  from space 10240K, 65% used [0x00000000ee580000,0x00000000eec0db68,0x00000000eef80000)
  to   space 9728K, 0% used [0x00000000f0a00000,0x00000000f0a00000,0x00000000f1380000)
 ParOldGen       total 56832K, used 7821K [0x00000000c0000000, 0x00000000c3780000, 0x00000000eab00000)
  object space 56832K, 13% used [0x00000000c0000000,0x00000000c07a37e0,0x00000000c3780000)
 Metaspace       used 33593K, capacity 34270K, committed 34432K, reserved 1079296K
  class space    used 4688K, capacity 4897K, committed 4992K, reserved 1048576K
Event: 51.752 GC heap after
Heap after GC invocations=9 (full 1):
 PSYoungGen      total 95744K, used 9701K [0x00000000eab00000, 0x00000000f1d00000, 0x0000000100000000)
  eden space 86016K, 0% used [0x00000000eab00000,0x00000000eab00000,0x00000000eff00000)
  from space 9728K, 99% used [0x00000000f0a00000,0x00000000f1379598,0x00000000f1380000)
  to   space 11264K, 0% used [0x00000000eff00000,0x00000000eff00000,0x00000000f0a00000)
 ParOldGen       total 56832K, used 8840K [0x00000000c0000000, 0x00000000c3780000, 0x00000000eab00000)
  object space 56832K, 15% used [0x00000000c0000000,0x00000000c08a21d8,0x00000000c3780000)
 Metaspace       used 33593K, capacity 34270K, committed 34432K, reserved 1079296K
  class space    used 4688K, capacity 4897K, committed 4992K, reserved 1048576K
}
Event: 54.619 GC heap before
{Heap before GC invocations=10 (full 1):
 PSYoungGen      total 95744K, used 16164K [0x00000000eab00000, 0x00000000f1d00000, 0x0000000100000000)
  eden space 86016K, 7% used [0x00000000eab00000,0x00000000eb14fe60,0x00000000eff00000)
  from space 9728K, 99% used [0x00000000f0a00000,0x00000000f1379598,0x00000000f1380000)
  to   space 11264K, 0% used [0x00000000eff00000,0x00000000eff00000,0x00000000f0a00000)
 ParOldGen       total 56832K, used 8840K [0x00000000c0000000, 0x00000000c3780000, 0x00000000eab00000)
  object space 56832K, 15% used [0x00000000c0000000,0x00000000c08a21d8,0x00000000c3780000)
 Metaspace       used 34667K, capacity 35318K, committed 35416K, reserved 1079296K
  class space    used 4783K, capacity 4971K, committed 4992K, reserved 1048576K
Event: 54.646 GC heap after
Heap after GC invocations=10 (full 1):
 PSYoungGen      total 97280K, used 6197K [0x00000000eab00000, 0x00000000f1d00000, 0x0000000100000000)
  eden space 86016K, 0% used [0x00000000eab00000,0x00000000eab00000,0x00000000eff00000)
  from space 11264K, 55% used [0x00000000eff00000,0x00000000f050d600,0x00000000f0a00000)
  to   space 9728K, 0% used [0x00000000f0a00000,0x00000000f0a00000,0x00000000f1380000)
 ParOldGen       total 56832K, used 10464K [0x00000000c0000000, 0x00000000c3780000, 0x00000000eab00000)
  object space 56832K, 18% used [0x00000000c0000000,0x00000000c0a38268,0x00000000c3780000)
 Metaspace       used 34667K, capacity 35318K, committed 35416K, reserved 1079296K
  class space    used 4783K, capacity 4971K, committed 4992K, reserved 1048576K
}
Event: 54.646 GC heap before
{Heap before GC invocations=11 (full 2):
 PSYoungGen      total 97280K, used 6197K [0x00000000eab00000, 0x00000000f1d00000, 0x0000000100000000)
  eden space 86016K, 0% used [0x00000000eab00000,0x00000000eab00000,0x00000000eff00000)
  from space 11264K, 55% used [0x00000000eff00000,0x00000000f050d600,0x00000000f0a00000)
  to   space 9728K, 0% used [0x00000000f0a00000,0x00000000f0a00000,0x00000000f1380000)
 ParOldGen       total 56832K, used 10464K [0x00000000c0000000, 0x00000000c3780000, 0x00000000eab00000)
  object space 56832K, 18% used [0x00000000c0000000,0x00000000c0a38268,0x00000000c3780000)
 Metaspace       used 34667K, capacity 35318K, committed 35416K, reserved 1079296K
  class space    used 4783K, capacity 4971K, committed 4992K, reserved 1048576K
Event: 54.898 GC heap after
Heap after GC invocations=11 (full 2):
 PSYoungGen      total 97280K, used 0K [0x00000000eab00000, 0x00000000f1d00000, 0x0000000100000000)
  eden space 86016K, 0% used [0x00000000eab00000,0x00000000eab00000,0x00000000eff00000)
  from space 11264K, 0% used [0x00000000eff00000,0x00000000eff00000,0x00000000f0a00000)
  to   space 9728K, 0% used [0x00000000f0a00000,0x00000000f0a00000,0x00000000f1380000)
 ParOldGen       total 56832K, used 14303K [0x00000000c0000000, 0x00000000c3780000, 0x00000000eab00000)
  object space 56832K, 25% used [0x00000000c0000000,0x00000000c0df7d20,0x00000000c3780000)
 Metaspace       used 34667K, capacity 35318K, committed 35416K, reserved 1079296K
  class space    used 4783K, capacity 4971K, committed 4992K, reserved 1048576K
}

