# JRE version: OpenJDK Runtime Environment (8.0_152-b02) (build 1.8.0_152-release-1024-b02)
# Java VM: OpenJDK 64-Bit Server VM (25.152-b02 mixed mode windows-amd64 compressed oops)
Heap:
 PSYoungGen      total 173568K, used 12989K [0x00000000eab00000, 0x00000000f6580000, 0x0000000100000000)
  eden space 163328K, 7% used [0x00000000eab00000,0x00000000eb7af498,0x00000000f4a80000)
  from space 10240K, 0% used [0x00000000f5b80000,0x00000000f5b80000,0x00000000f6580000)
  to   space 13824K, 0% used [0x00000000f4a80000,0x00000000f4a80000,0x00000000f5800000)
 ParOldGen       total 86016K, used 41953K [0x00000000c0000000, 0x00000000c5400000, 0x00000000eab00000)
  object space 86016K, 48% used [0x00000000c0000000,0x00000000c28f8490,0x00000000c5400000)
 Metaspace       used 59880K, capacity 61890K, committed 62080K, reserved 1101824K
  class space    used 8166K, capacity 8707K, committed 8832K, reserved 1048576K
GC Heap History (10 events):
Event: 12.299 GC heap before
{Heap before GC invocations=13 (full 2):
 PSYoungGen      total 112128K, used 111649K [0x00000000eab00000, 0x00000000f2780000, 0x0000000100000000)
  eden space 103936K, 100% used [0x00000000eab00000,0x00000000f1080000,0x00000000f1080000)
  from space 8192K, 94% used [0x00000000f1f80000,0x00000000f27084d0,0x00000000f2780000)
  to   space 10752K, 0% used [0x00000000f1280000,0x00000000f1280000,0x00000000f1d00000)
 ParOldGen       total 86016K, used 15015K [0x00000000c0000000, 0x00000000c5400000, 0x00000000eab00000)
  object space 86016K, 17% used [0x00000000c0000000,0x00000000c0ea9da8,0x00000000c5400000)
 Metaspace       used 42586K, capacity 43540K, committed 43904K, reserved 1087488K
  class space    used 5833K, capacity 6149K, committed 6272K, reserved 1048576K
Event: 12.313 GC heap after
Heap after GC invocations=13 (full 2):
 PSYoungGen      total 116736K, used 7852K [0x00000000eab00000, 0x00000000f4400000, 0x0000000100000000)
  eden space 105984K, 0% used [0x00000000eab00000,0x00000000eab00000,0x00000000f1280000)
  from space 10752K, 73% used [0x00000000f1280000,0x00000000f1a2b358,0x00000000f1d00000)
  to   space 10752K, 0% used [0x00000000f3980000,0x00000000f3980000,0x00000000f4400000)
 ParOldGen       total 86016K, used 20175K [0x00000000c0000000, 0x00000000c5400000, 0x00000000eab00000)
  object space 86016K, 23% used [0x00000000c0000000,0x00000000c13b3c90,0x00000000c5400000)
 Metaspace       used 42586K, capacity 43540K, committed 43904K, reserved 1087488K
  class space    used 5833K, capacity 6149K, committed 6272K, reserved 1048576K
}
Event: 15.040 GC heap before
{Heap before GC invocations=14 (full 2):
 PSYoungGen      total 116736K, used 113836K [0x00000000eab00000, 0x00000000f4400000, 0x0000000100000000)
  eden space 105984K, 100% used [0x00000000eab00000,0x00000000f1280000,0x00000000f1280000)
  from space 10752K, 73% used [0x00000000f1280000,0x00000000f1a2b358,0x00000000f1d00000)
  to   space 10752K, 0% used [0x00000000f3980000,0x00000000f3980000,0x00000000f4400000)
 ParOldGen       total 86016K, used 20175K [0x00000000c0000000, 0x00000000c5400000, 0x00000000eab00000)
  object space 86016K, 23% used [0x00000000c0000000,0x00000000c13b3c90,0x00000000c5400000)
 Metaspace       used 48636K, capacity 49954K, committed 50048K, reserved 1091584K
  class space    used 6592K, capacity 6952K, committed 7040K, reserved 1048576K
Event: 15.050 GC heap after
Heap after GC invocations=14 (full 2):
 PSYoungGen      total 143872K, used 5532K [0x00000000eab00000, 0x00000000f4300000, 0x0000000100000000)
  eden space 134144K, 0% used [0x00000000eab00000,0x00000000eab00000,0x00000000f2e00000)
  from space 9728K, 56% used [0x00000000f3980000,0x00000000f3ee7238,0x00000000f4300000)
  to   space 10752K, 0% used [0x00000000f2e00000,0x00000000f2e00000,0x00000000f3880000)
 ParOldGen       total 86016K, used 25009K [0x00000000c0000000, 0x00000000c5400000, 0x00000000eab00000)
  object space 86016K, 29% used [0x00000000c0000000,0x00000000c186c4f0,0x00000000c5400000)
 Metaspace       used 48636K, capacity 49954K, committed 50048K, reserved 1091584K
  class space    used 6592K, capacity 6952K, committed 7040K, reserved 1048576K
}
Event: 18.758 GC heap before
{Heap before GC invocations=15 (full 2):
 PSYoungGen      total 143872K, used 139676K [0x00000000eab00000, 0x00000000f4300000, 0x0000000100000000)
  eden space 134144K, 100% used [0x00000000eab00000,0x00000000f2e00000,0x00000000f2e00000)
  from space 9728K, 56% used [0x00000000f3980000,0x00000000f3ee7238,0x00000000f4300000)
  to   space 10752K, 0% used [0x00000000f2e00000,0x00000000f2e00000,0x00000000f3880000)
 ParOldGen       total 86016K, used 25009K [0x00000000c0000000, 0x00000000c5400000, 0x00000000eab00000)
  object space 86016K, 29% used [0x00000000c0000000,0x00000000c186c4f0,0x00000000c5400000)
 Metaspace       used 55654K, capacity 57588K, committed 57856K, reserved 1099776K
  class space    used 7620K, capacity 8084K, committed 8192K, reserved 1048576K
Event: 18.782 GC heap after
Heap after GC invocations=15 (full 2):
 PSYoungGen      total 144896K, used 10736K [0x00000000eab00000, 0x00000000f6900000, 0x0000000100000000)
  eden space 134144K, 0% used [0x00000000eab00000,0x00000000eab00000,0x00000000f2e00000)
  from space 10752K, 99% used [0x00000000f2e00000,0x00000000f387c250,0x00000000f3880000)
  to   space 13824K, 0% used [0x00000000f5b80000,0x00000000f5b80000,0x00000000f6900000)
 ParOldGen       total 86016K, used 31232K [0x00000000c0000000, 0x00000000c5400000, 0x00000000eab00000)
  object space 86016K, 36% used [0x00000000c0000000,0x00000000c1e800a8,0x00000000c5400000)
 Metaspace       used 55654K, capacity 57588K, committed 57856K, reserved 1099776K
  class space    used 7620K, capacity 8084K, committed 8192K, reserved 1048576K
}
Event: 24.572 GC heap before
{Heap before GC invocations=16 (full 2):
 PSYoungGen      total 144896K, used 104414K [0x00000000eab00000, 0x00000000f6900000, 0x0000000100000000)
  eden space 134144K, 69% used [0x00000000eab00000,0x00000000f067b618,0x00000000f2e00000)
  from space 10752K, 99% used [0x00000000f2e00000,0x00000000f387c250,0x00000000f3880000)
  to   space 13824K, 0% used [0x00000000f5b80000,0x00000000f5b80000,0x00000000f6900000)
 ParOldGen       total 86016K, used 31232K [0x00000000c0000000, 0x00000000c5400000, 0x00000000eab00000)
  object space 86016K, 36% used [0x00000000c0000000,0x00000000c1e800a8,0x00000000c5400000)
 Metaspace       used 56916K, capacity 58914K, committed 59008K, reserved 1099776K
  class space    used 7778K, capacity 8291K, committed 8320K, reserved 1048576K
Event: 24.592 GC heap after
Heap after GC invocations=16 (full 2):
 PSYoungGen      total 173568K, used 4128K [0x00000000eab00000, 0x00000000f6580000, 0x0000000100000000)
  eden space 163328K, 0% used [0x00000000eab00000,0x00000000eab00000,0x00000000f4a80000)
  from space 10240K, 40% used [0x00000000f5b80000,0x00000000f5f88000,0x00000000f6580000)
  to   space 13824K, 0% used [0x00000000f4a80000,0x00000000f4a80000,0x00000000f5800000)
 ParOldGen       total 86016K, used 41878K [0x00000000c0000000, 0x00000000c5400000, 0x00000000eab00000)
  object space 86016K, 48% used [0x00000000c0000000,0x00000000c28e5ae0,0x00000000c5400000)
 Metaspace       used 56916K, capacity 58914K, committed 59008K, reserved 1099776K
  class space    used 7778K, capacity 8291K, committed 8320K, reserved 1048576K
}
Event: 24.592 GC heap before
{Heap before GC invocations=17 (full 3):
 PSYoungGen      total 173568K, used 4128K [0x00000000eab00000, 0x00000000f6580000, 0x0000000100000000)
  eden space 163328K, 0% used [0x00000000eab00000,0x00000000eab00000,0x00000000f4a80000)
  from space 10240K, 40% used [0x00000000f5b80000,0x00000000f5f88000,0x00000000f6580000)
  to   space 13824K, 0% used [0x00000000f4a80000,0x00000000f4a80000,0x00000000f5800000)
 ParOldGen       total 86016K, used 41878K [0x00000000c0000000, 0x00000000c5400000, 0x00000000eab00000)
  object space 86016K, 48% used [0x00000000c0000000,0x00000000c28e5ae0,0x00000000c5400000)
 Metaspace       used 56916K, capacity 58914K, committed 59008K, reserved 1099776K
  class space    used 7778K, capacity 8291K, committed 8320K, reserved 1048576K
Event: 25.046 GC heap after
Heap after GC invocations=17 (full 3):
 PSYoungGen      total 173568K, used 0K [0x00000000eab00000, 0x00000000f6580000, 0x0000000100000000)
  eden space 163328K, 0% used [0x00000000eab00000,0x00000000eab00000,0x00000000f4a80000)
  from space 10240K, 0% used [0x00000000f5b80000,0x00000000f5b80000,0x00000000f6580000)
  to   space 13824K, 0% used [0x00000000f4a80000,0x00000000f4a80000,0x00000000f5800000)
 ParOldGen       total 86016K, used 41953K [0x00000000c0000000, 0x00000000c5400000, 0x00000000eab00000)
  object space 86016K, 48% used [0x00000000c0000000,0x00000000c28f8490,0x00000000c5400000)
 Metaspace       used 56916K, capacity 58914K, committed 59008K, reserved 1099776K
  class space    used 7778K, capacity 8291K, committed 8320K, reserved 1048576K
}

