# JRE version: OpenJDK Runtime Environment (8.0_152-b02) (build 1.8.0_152-release-1024-b02)
# Java VM: OpenJDK 64-Bit Server VM (25.152-b02 mixed mode windows-amd64 compressed oops)
Heap:
 PSYoungGen      total 144896K, used 115203K [0x00000000eab00000, 0x00000000f9a80000, 0x0000000100000000)
  eden space 132608K, 86% used [0x00000000eab00000,0x00000000f1b80fe8,0x00000000f2c80000)
  from space 12288K, 0% used [0x00000000f3800000,0x00000000f3800000,0x00000000f4400000)
  to   space 11776K, 0% used [0x00000000f2c80000,0x00000000f2c80000,0x00000000f3800000)
 ParOldGen       total 80384K, used 14040K [0x00000000c0000000, 0x00000000c4e80000, 0x00000000eab00000)
  object space 80384K, 17% used [0x00000000c0000000,0x00000000c0db6140,0x00000000c4e80000)
 Metaspace       used 40514K, capacity 41474K, committed 41728K, reserved 1085440K
  class space    used 5529K, capacity 5838K, committed 5888K, reserved 1048576K
GC Heap History (10 events):
Event: 5.750 GC heap before
{Heap before GC invocations=6 (full 1):
 PSYoungGen      total 67072K, used 5098K [0x00000000eab00000, 0x00000000f3700000, 0x0000000100000000)
  eden space 61952K, 0% used [0x00000000eab00000,0x00000000eab00000,0x00000000ee780000)
  from space 5120K, 99% used [0x00000000ee780000,0x00000000eec7aa58,0x00000000eec80000)
  to   space 9728K, 0% used [0x00000000f2d80000,0x00000000f2d80000,0x00000000f3700000)
 ParOldGen       total 87552K, used 8156K [0x00000000c0000000, 0x00000000c5580000, 0x00000000eab00000)
  object space 87552K, 9% used [0x00000000c0000000,0x00000000c07f71d8,0x00000000c5580000)
 Metaspace       used 20807K, capacity 21204K, committed 21248K, reserved 1067008K
  class space    used 2899K, capacity 3042K, committed 3072K, reserved 1048576K
Event: 5.818 GC heap after
Heap after GC invocations=6 (full 1):
 PSYoungGen      total 67072K, used 0K [0x00000000eab00000, 0x00000000f3700000, 0x0000000100000000)
  eden space 61952K, 0% used [0x00000000eab00000,0x00000000eab00000,0x00000000ee780000)
  from space 5120K, 0% used [0x00000000ee780000,0x00000000ee780000,0x00000000eec80000)
  to   space 9728K, 0% used [0x00000000f2d80000,0x00000000f2d80000,0x00000000f3700000)
 ParOldGen       total 62464K, used 7883K [0x00000000c0000000, 0x00000000c3d00000, 0x00000000eab00000)
  object space 62464K, 12% used [0x00000000c0000000,0x00000000c07b2d48,0x00000000c3d00000)
 Metaspace       used 20807K, capacity 21204K, committed 21248K, reserved 1067008K
  class space    used 2899K, capacity 3042K, committed 3072K, reserved 1048576K
}
Event: 7.670 GC heap before
{Heap before GC invocations=7 (full 1):
 PSYoungGen      total 67072K, used 61952K [0x00000000eab00000, 0x00000000f3700000, 0x0000000100000000)
  eden space 61952K, 100% used [0x00000000eab00000,0x00000000ee780000,0x00000000ee780000)
  from space 5120K, 0% used [0x00000000ee780000,0x00000000ee780000,0x00000000eec80000)
  to   space 9728K, 0% used [0x00000000f2d80000,0x00000000f2d80000,0x00000000f3700000)
 ParOldGen       total 62464K, used 7883K [0x00000000c0000000, 0x00000000c3d00000, 0x00000000eab00000)
  object space 62464K, 12% used [0x00000000c0000000,0x00000000c07b2d48,0x00000000c3d00000)
 Metaspace       used 26351K, capacity 26894K, committed 27136K, reserved 1073152K
  class space    used 3613K, capacity 3799K, committed 3840K, reserved 1048576K
Event: 7.682 GC heap after
Heap after GC invocations=7 (full 1):
 PSYoungGen      total 98816K, used 6943K [0x00000000eab00000, 0x00000000f3480000, 0x0000000100000000)
  eden space 91648K, 0% used [0x00000000eab00000,0x00000000eab00000,0x00000000f0480000)
  from space 7168K, 96% used [0x00000000f2d80000,0x00000000f3447e50,0x00000000f3480000)
  to   space 9728K, 0% used [0x00000000f2180000,0x00000000f2180000,0x00000000f2b00000)
 ParOldGen       total 62464K, used 7891K [0x00000000c0000000, 0x00000000c3d00000, 0x00000000eab00000)
  object space 62464K, 12% used [0x00000000c0000000,0x00000000c07b4d48,0x00000000c3d00000)
 Metaspace       used 26351K, capacity 26894K, committed 27136K, reserved 1073152K
  class space    used 3613K, capacity 3799K, committed 3840K, reserved 1048576K
}
Event: 10.240 GC heap before
{Heap before GC invocations=8 (full 1):
 PSYoungGen      total 98816K, used 98591K [0x00000000eab00000, 0x00000000f3480000, 0x0000000100000000)
  eden space 91648K, 100% used [0x00000000eab00000,0x00000000f0480000,0x00000000f0480000)
  from space 7168K, 96% used [0x00000000f2d80000,0x00000000f3447e50,0x00000000f3480000)
  to   space 9728K, 0% used [0x00000000f2180000,0x00000000f2180000,0x00000000f2b00000)
 ParOldGen       total 62464K, used 7891K [0x00000000c0000000, 0x00000000c3d00000, 0x00000000eab00000)
  object space 62464K, 12% used [0x00000000c0000000,0x00000000c07b4d48,0x00000000c3d00000)
 Metaspace       used 34063K, capacity 34842K, committed 34944K, reserved 1079296K
  class space    used 4721K, capacity 4961K, committed 4992K, reserved 1048576K
Event: 10.253 GC heap after
Heap after GC invocations=8 (full 1):
 PSYoungGen      total 131072K, used 9710K [0x00000000eab00000, 0x00000000f4400000, 0x0000000100000000)
  eden space 121344K, 0% used [0x00000000eab00000,0x00000000eab00000,0x00000000f2180000)
  from space 9728K, 99% used [0x00000000f2180000,0x00000000f2afbb90,0x00000000f2b00000)
  to   space 12288K, 0% used [0x00000000f3800000,0x00000000f3800000,0x00000000f4400000)
 ParOldGen       total 62464K, used 11084K [0x00000000c0000000, 0x00000000c3d00000, 0x00000000eab00000)
  object space 62464K, 17% used [0x00000000c0000000,0x00000000c0ad3118,0x00000000c3d00000)
 Metaspace       used 34063K, capacity 34842K, committed 34944K, reserved 1079296K
  class space    used 4721K, capacity 4961K, committed 4992K, reserved 1048576K
}
Event: 10.292 GC heap before
{Heap before GC invocations=9 (full 1):
 PSYoungGen      total 131072K, used 11840K [0x00000000eab00000, 0x00000000f4400000, 0x0000000100000000)
  eden space 121344K, 1% used [0x00000000eab00000,0x00000000ead147d0,0x00000000f2180000)
  from space 9728K, 99% used [0x00000000f2180000,0x00000000f2afbb90,0x00000000f2b00000)
  to   space 12288K, 0% used [0x00000000f3800000,0x00000000f3800000,0x00000000f4400000)
 ParOldGen       total 62464K, used 11084K [0x00000000c0000000, 0x00000000c3d00000, 0x00000000eab00000)
  object space 62464K, 17% used [0x00000000c0000000,0x00000000c0ad3118,0x00000000c3d00000)
 Metaspace       used 34567K, capacity 35272K, committed 35416K, reserved 1079296K
  class space    used 4766K, capacity 5000K, committed 5120K, reserved 1048576K
Event: 10.302 GC heap after
Heap after GC invocations=9 (full 1):
 PSYoungGen      total 144896K, used 7482K [0x00000000eab00000, 0x00000000f9a80000, 0x0000000100000000)
  eden space 132608K, 0% used [0x00000000eab00000,0x00000000eab00000,0x00000000f2c80000)
  from space 12288K, 60% used [0x00000000f3800000,0x00000000f3f4eb10,0x00000000f4400000)
  to   space 11776K, 0% used [0x00000000f2c80000,0x00000000f2c80000,0x00000000f3800000)
 ParOldGen       total 62464K, used 11092K [0x00000000c0000000, 0x00000000c3d00000, 0x00000000eab00000)
  object space 62464K, 17% used [0x00000000c0000000,0x00000000c0ad5118,0x00000000c3d00000)
 Metaspace       used 34567K, capacity 35272K, committed 35416K, reserved 1079296K
  class space    used 4766K, capacity 5000K, committed 5120K, reserved 1048576K
}
Event: 10.302 GC heap before
{Heap before GC invocations=10 (full 2):
 PSYoungGen      total 144896K, used 7482K [0x00000000eab00000, 0x00000000f9a80000, 0x0000000100000000)
  eden space 132608K, 0% used [0x00000000eab00000,0x00000000eab00000,0x00000000f2c80000)
  from space 12288K, 60% used [0x00000000f3800000,0x00000000f3f4eb10,0x00000000f4400000)
  to   space 11776K, 0% used [0x00000000f2c80000,0x00000000f2c80000,0x00000000f3800000)
 ParOldGen       total 62464K, used 11092K [0x00000000c0000000, 0x00000000c3d00000, 0x00000000eab00000)
  object space 62464K, 17% used [0x00000000c0000000,0x00000000c0ad5118,0x00000000c3d00000)
 Metaspace       used 34567K, capacity 35272K, committed 35416K, reserved 1079296K
  class space    used 4766K, capacity 5000K, committed 5120K, reserved 1048576K
Event: 10.396 GC heap after
Heap after GC invocations=10 (full 2):
 PSYoungGen      total 144896K, used 0K [0x00000000eab00000, 0x00000000f9a80000, 0x0000000100000000)
  eden space 132608K, 0% used [0x00000000eab00000,0x00000000eab00000,0x00000000f2c80000)
  from space 12288K, 0% used [0x00000000f3800000,0x00000000f3800000,0x00000000f4400000)
  to   space 11776K, 0% used [0x00000000f2c80000,0x00000000f2c80000,0x00000000f3800000)
 ParOldGen       total 80384K, used 14040K [0x00000000c0000000, 0x00000000c4e80000, 0x00000000eab00000)
  object space 80384K, 17% used [0x00000000c0000000,0x00000000c0db6140,0x00000000c4e80000)
 Metaspace       used 34567K, capacity 35272K, committed 35416K, reserved 1079296K
  class space    used 4766K, capacity 5000K, committed 5120K, reserved 1048576K
}

